<?xml version="1.0" encoding="UTF-8"?>
<!-- Generated by org.testng.reporters.JUnitReportReporter -->
<testsuite skipped="0" hostname="DESKTOP-FU9GF5N" name="SeleniumTests.SeleniumEssentials" tests="5" failures="0" timestamp="2019-11-10T21:14:06 IST" time="92.517" errors="0">
  <testcase name="gotoHomePage" time="12.660" classname="SeleniumTests.SeleniumEssentials"/>
  <testcase name="acceptAlert" time="13.524" classname="SeleniumTests.SeleniumEssentials"/>
  <testcase name="switchWindow" time="16.935" classname="SeleniumTests.SeleniumEssentials"/>
  <testcase name="Go2CompleteForm" time="23.535" classname="SeleniumTests.SeleniumEssentials"/>
  <testcase name="FilltheForm" time="25.863" classname="SeleniumTests.SeleniumEssentials"/>
</testsuite> <!-- SeleniumTests.SeleniumEssentials -->
