<?xml version="1.0" encoding="UTF-8"?>
<!-- Generated by org.testng.reporters.JUnitReportReporter -->
<testsuite skipped="0" hostname="DESKTOP-FU9GF5N" name="SeleniumTests.SeleniumEssentials" tests="5" failures="0" timestamp="2019-11-10T21:10:41 IST" time="92.055" errors="0">
  <testcase name="acceptAlert" time="13.178" classname="SeleniumTests.SeleniumEssentials"/>
  <testcase name="switchWindow" time="17.276" classname="SeleniumTests.SeleniumEssentials"/>
  <testcase name="gotoHomePage" time="13.161" classname="SeleniumTests.SeleniumEssentials"/>
  <testcase name="Go2CompleteForm" time="23.272" classname="SeleniumTests.SeleniumEssentials"/>
  <testcase name="FilltheForm" time="25.168" classname="SeleniumTests.SeleniumEssentials"/>
</testsuite> <!-- SeleniumTests.SeleniumEssentials -->
